  Title.cpp
c:\users\nwuser.da\desktop\ぽん・で・らいおん\stg\stg\title.h(6): fatal error C1083: include ファイルを開けません。'DxLib.h':No such file or directory
  SystemManager.cpp
c:\users\nwuser.da\desktop\ぽん・で・らいおん\stg\stg\systemmanager.cpp(10): fatal error C1083: include ファイルを開けません。'DxLib.h':No such file or directory
  SelectCharaMenu.cpp
c:\users\nwuser.da\desktop\ぽん・で・らいおん\stg\stg\selectcharamenu.cpp(2): fatal error C1083: include ファイルを開けません。'DxLib.h':No such file or directory
  SceneTask.cpp
c:\users\nwuser.da\desktop\ぽん・で・らいおん\stg\stg\scenetask.cpp(2): fatal error C1083: include ファイルを開けません。'DxLib.h':No such file or directory
  SceneManager.cpp
c:\users\nwuser.da\desktop\ぽん・で・らいおん\stg\stg\scenemanager.cpp(2): fatal error C1083: include ファイルを開けません。'DxLib.h':No such file or directory
  Result.cpp
c:\users\nwuser.da\desktop\ぽん・で・らいおん\stg\stg\result.cpp(2): fatal error C1083: include ファイルを開けません。'DXlib.h':No such file or directory
  SceneMenu.cpp
c:\users\nwuser.da\desktop\ぽん・で・らいおん\stg\stg\scenemenu.cpp(2): fatal error C1083: include ファイルを開けません。'DxLib.h':No such file or directory
  Main.cpp
c:\users\nwuser.da\desktop\ぽん・で・らいおん\stg\stg\main.cpp(2): fatal error C1083: include ファイルを開けません。'DxLib.h':No such file or directory
  ISceneChanger.cpp
  Game.cpp
c:\users\nwuser.da\desktop\ぽん・で・らいおん\stg\stg\game.cpp(1): fatal error C1083: include ファイルを開けません。'DxLib.h':No such file or directory
  DebugManager.cpp
c:\users\nwuser.da\desktop\ぽん・で・らいおん\stg\stg\debugmanager.cpp(2): fatal error C1083: include ファイルを開けません。'DXlib.h':No such file or directory
  Config.cpp
c:\users\nwuser.da\desktop\ぽん・で・らいおん\stg\stg\config.cpp(2): fatal error C1083: include ファイルを開けません。'DxLib.h':No such file or directory
  コードを生成中...
